<?xml version="1.0" encoding="UTF-8"?>
<!-- Generated by org.testng.reporters.JUnitXMLReporter -->
<testsuite ignored="0" hostname="DESKTOP-JD89SLV" failures="1" tests="10" name="Test" time="0.155" errors="0" timestamp="09 Oct 2018 03:14:55 GMT">
  <testcase classname="exploretickets.TestNg" name="Google" time="0.011"/>
  <testcase classname="exploretickets.FacebooktestNG" name="login" time="0.008">
    <failure type="java.lang.ArithmeticException" message="/ by zero">
      <![CDATA[java.lang.ArithmeticException: / by zero
at exploretickets.FacebooktestNG.login(FacebooktestNG.java:10)
... Removed 25 stack frames]]>
    </failure>
  </testcase> <!-- login -->
  <testcase classname="exploretickets.FacebooktestNG" name="home" time="0.0">
    <skipped/>
  </testcase> <!-- home -->
  <testcase classname="exploretickets.FacebooktestNG" name="registration" time="0.0">
    <skipped/>
  </testcase> <!-- registration -->
  <testcase classname="exploretickets.FacebooktestNG" name="search" time="0.0">
    <skipped/>
  </testcase> <!-- search -->
  <testcase classname="exploretickets.InvocationtestNG" name="sum" time="0.003"/>
  <testcase classname="exploretickets.InvocationtestNG" name="sum" time="0.001"/>
  <testcase classname="exploretickets.InvocationtestNG" name="sum" time="0.0"/>
  <testcase classname="exploretickets.InvocationtestNG" name="sum" time="0.001"/>
  <testcase classname="exploretickets.InvocationtestNG" name="sum" time="0.003"/>
</testsuite> <!-- Test -->
